<?xml version="1.0" encoding="UTF-8"?>
<!-- Generated by org.testng.reporters.JUnitReportReporter -->
<testsuite skipped="0" hostname="4S0L3M2" name="com.bankguru.scripts.EditCustomer" tests="23" failures="0" timestamp="17 Aug 2019 09:53:19 GMT" time="20.886" errors="0">
  <testcase name="EC18_CustomerIdNotNumberic" time="0.881" classname="com.bankguru.scripts.EditCustomer"/>
  <testcase name="EC15_CustomerIdNotNumberic" time="0.869" classname="com.bankguru.scripts.EditCustomer"/>
  <testcase name="EC04_CustomerIdNotNumberic" time="0.955" classname="com.bankguru.scripts.EditCustomer"/>
  <testcase name="EC21_CustomerIdNotNumberic" time="0.897" classname="com.bankguru.scripts.EditCustomer"/>
  <testcase name="EC10_CustomerIdNotNumberic" time="0.863" classname="com.bankguru.scripts.EditCustomer"/>
  <testcase name="EC20_CustomerIdNotNumberic" time="0.914" classname="com.bankguru.scripts.EditCustomer"/>
  <testcase name="EC02_CustomerIdNotNumberic" time="1.090" classname="com.bankguru.scripts.EditCustomer"/>
  <testcase name="EC08_CustomerIdNotNumberic" time="0.644" classname="com.bankguru.scripts.EditCustomer"/>
  <testcase name="EC06_CustomerIdNotNumberic" time="0.866" classname="com.bankguru.scripts.EditCustomer"/>
  <testcase name="EC09_CustomerIdNotNumberic" time="0.944" classname="com.bankguru.scripts.EditCustomer"/>
  <testcase name="EC11_CustomerIdNotNumberic" time="0.905" classname="com.bankguru.scripts.EditCustomer"/>
  <testcase name="EC22_CustomerIdNotNumberic" time="0.883" classname="com.bankguru.scripts.EditCustomer"/>
  <testcase name="EC23_CustomerIdNotNumberic" time="0.899" classname="com.bankguru.scripts.EditCustomer"/>
  <testcase name="EC01_CustomerIdEmpty" time="1.375" classname="com.bankguru.scripts.EditCustomer"/>
  <testcase name="EC05_CustomerIdNotNumberic" time="0.953" classname="com.bankguru.scripts.EditCustomer"/>
  <testcase name="EC17_CustomerIdNotNumberic" time="0.872" classname="com.bankguru.scripts.EditCustomer"/>
  <testcase name="EC12_CustomerIdNotNumberic" time="0.893" classname="com.bankguru.scripts.EditCustomer"/>
  <testcase name="EC14_CustomerIdNotNumberic" time="0.899" classname="com.bankguru.scripts.EditCustomer"/>
  <testcase name="EC13_CustomerIdNotNumberic" time="0.859" classname="com.bankguru.scripts.EditCustomer"/>
  <testcase name="EC16_CustomerIdNotNumberic" time="0.889" classname="com.bankguru.scripts.EditCustomer"/>
  <testcase name="EC07_CustomerIdNotNumberic" time="0.804" classname="com.bankguru.scripts.EditCustomer"/>
  <testcase name="EC03_CustomerIdNotNumberic" time="0.917" classname="com.bankguru.scripts.EditCustomer"/>
  <testcase name="EC19_CustomerIdNotNumberic" time="0.815" classname="com.bankguru.scripts.EditCustomer"/>
</testsuite> <!-- com.bankguru.scripts.EditCustomer -->
