<?xml version="1.0" encoding="UTF-8"?>
<!-- Generated by org.testng.reporters.JUnitReportReporter -->
<testsuite skipped="0" hostname="4S0L3M2" name="com.bankguru.scripts.LoginScript" tests="25" failures="0" timestamp="20 Aug 2019 04:21:11 GMT" time="15.464" errors="0">
  <testcase name="NC16_PINFiledWithNumberic" time="0.645" classname="com.bankguru.scripts.LoginScript"/>
  <testcase name="NC20_PinFieldWithSpace" time="0.521" classname="com.bankguru.scripts.LoginScript"/>
  <testcase name="NC10_CityWithSpecialCharacter" time="0.604" classname="com.bankguru.scripts.LoginScript"/>
  <testcase name="NC08_CityFiledEmpty" time="0.584" classname="com.bankguru.scripts.LoginScript"/>
  <testcase name="NC11_CityHaveSpace" time="0.569" classname="com.bankguru.scripts.LoginScript"/>
  <testcase name="NC02_NumericCase" time="0.671" classname="com.bankguru.scripts.LoginScript"/>
  <testcase name="NC22_TelephoneFieldHaveSpace" time="0.592" classname="com.bankguru.scripts.LoginScript"/>
  <testcase name="NC06_AddressHaveSpace" time="0.635" classname="com.bankguru.scripts.LoginScript"/>
  <testcase name="NC18_PinFieldHave6Digits" time="0.650" classname="com.bankguru.scripts.LoginScript"/>
  <testcase name="NC03_SpecialCharacters" time="0.575" classname="com.bankguru.scripts.LoginScript"/>
  <testcase name="NC01_NewCustomer01" time="0.917" classname="com.bankguru.scripts.LoginScript"/>
  <testcase name="NC26_EmailFieldEmpty" time="0.644" classname="com.bankguru.scripts.LoginScript"/>
  <testcase name="NC17_PinFieldEmpty" time="0.561" classname="com.bankguru.scripts.LoginScript"/>
  <testcase name="NC13_StateFieldWithNumberic" time="0.576" classname="com.bankguru.scripts.LoginScript"/>
  <testcase name="NC27_EmailFieldWithIncorrectFormat" time="0.664" classname="com.bankguru.scripts.LoginScript"/>
  <testcase name="NC14_StateFieldWithSpecialCharacter" time="0.650" classname="com.bankguru.scripts.LoginScript"/>
  <testcase name="NC25_TelephoneFieldWithSpecialCharacter" time="0.626" classname="com.bankguru.scripts.LoginScript"/>
  <testcase name="NC04_FirstCharacterBlank" time="0.591" classname="com.bankguru.scripts.LoginScript"/>
  <testcase name="NC05_AddressEmplty" time="0.583" classname="com.bankguru.scripts.LoginScript"/>
  <testcase name="NC12_StateFieldEmpty" time="0.610" classname="com.bankguru.scripts.LoginScript"/>
  <testcase name="NC19_PinFieldWithSpecialCharcter" time="0.526" classname="com.bankguru.scripts.LoginScript"/>
  <testcase name="NC21_TelephoneFieldEmpty" time="0.734" classname="com.bankguru.scripts.LoginScript"/>
  <testcase name="NC09_CityWithNumberic" time="0.618" classname="com.bankguru.scripts.LoginScript"/>
  <testcase name="NC15_SateFieldWithSpace" time="0.518" classname="com.bankguru.scripts.LoginScript"/>
  <testcase name="NC29_EmailFieldWithSpace" time="0.600" classname="com.bankguru.scripts.LoginScript"/>
</testsuite> <!-- com.bankguru.scripts.LoginScript -->
