<?xml version="1.0" encoding="UTF-8"?>
<!-- Generated by org.testng.reporters.JUnitReportReporter -->
<testsuite skipped="0" hostname="4S0L3M2" name="com.bankguru.scripts.RegisterNewAccountScript" tests="1" failures="0" timestamp="30 Aug 2019 02:28:19 GMT" time="4.314" errors="0">
  <testcase name="RegisterScript" time="4.314" classname="com.bankguru.scripts.RegisterNewAccountScript"/>
</testsuite> <!-- com.bankguru.scripts.RegisterNewAccountScript -->
