<?xml version="1.0" encoding="UTF-8"?>
<!-- Generated by org.testng.reporters.JUnitReportReporter -->
<testsuite skipped="0" hostname="4S0L3M2" name="com.bankguru.scripts.NewCustomerScript" tests="26" failures="0" timestamp="30 Aug 2019 02:28:19 GMT" time="16.753" errors="0">
  <testcase name="NC13_StateFieldWithNumberic" time="0.472" classname="com.bankguru.scripts.NewCustomerScript"/>
  <testcase name="NC14_StateFieldWithSpecialCharacter" time="0.520" classname="com.bankguru.scripts.NewCustomerScript"/>
  <testcase name="NC26_EmailFieldEmpty" time="0.462" classname="com.bankguru.scripts.NewCustomerScript"/>
  <testcase name="NC04_FirstCharacterBlank" time="0.578" classname="com.bankguru.scripts.NewCustomerScript"/>
  <testcase name="NC08_CityFiledEmpty" time="0.556" classname="com.bankguru.scripts.NewCustomerScript"/>
  <testcase name="NC30_CreateNewCustomer" time="2.937" classname="com.bankguru.scripts.NewCustomerScript"/>
  <testcase name="NC03_SpecialCharacters" time="0.500" classname="com.bankguru.scripts.NewCustomerScript"/>
  <testcase name="NC21_TelephoneFieldEmpty" time="0.618" classname="com.bankguru.scripts.NewCustomerScript"/>
  <testcase name="NC29_EmailFieldWithSpace" time="0.481" classname="com.bankguru.scripts.NewCustomerScript"/>
  <testcase name="NC17_PinFieldEmpty" time="0.459" classname="com.bankguru.scripts.NewCustomerScript"/>
  <testcase name="NC27_EmailFieldWithIncorrectFormat" time="0.631" classname="com.bankguru.scripts.NewCustomerScript"/>
  <testcase name="NC09_CityWithNumberic" time="0.586" classname="com.bankguru.scripts.NewCustomerScript"/>
  <testcase name="NC25_TelephoneFieldWithSpecialCharacter" time="0.556" classname="com.bankguru.scripts.NewCustomerScript"/>
  <testcase name="NC19_PinFieldWithSpecialCharcter" time="0.471" classname="com.bankguru.scripts.NewCustomerScript"/>
  <testcase name="NC18_PinFieldHave6Digits" time="0.572" classname="com.bankguru.scripts.NewCustomerScript"/>
  <testcase name="NC01_NewCustomer01" time="0.484" classname="com.bankguru.scripts.NewCustomerScript"/>
  <testcase name="NC05_AddressEmplty" time="0.582" classname="com.bankguru.scripts.NewCustomerScript"/>
  <testcase name="NC22_TelephoneFieldHaveSpace" time="0.438" classname="com.bankguru.scripts.NewCustomerScript"/>
  <testcase name="NC06_AddressHaveSpace" time="0.952" classname="com.bankguru.scripts.NewCustomerScript"/>
  <testcase name="NC16_PINFiledWithNumberic" time="0.527" classname="com.bankguru.scripts.NewCustomerScript"/>
  <testcase name="NC12_StateFieldEmpty" time="0.531" classname="com.bankguru.scripts.NewCustomerScript"/>
  <testcase name="NC20_PinFieldWithSpace" time="0.510" classname="com.bankguru.scripts.NewCustomerScript"/>
  <testcase name="NC02_NumericCase" time="0.589" classname="com.bankguru.scripts.NewCustomerScript"/>
  <testcase name="NC11_CityHaveSpace" time="0.605" classname="com.bankguru.scripts.NewCustomerScript"/>
  <testcase name="NC10_CityWithSpecialCharacter" time="0.568" classname="com.bankguru.scripts.NewCustomerScript"/>
  <testcase name="NC15_SateFieldWithSpace" time="0.568" classname="com.bankguru.scripts.NewCustomerScript"/>
</testsuite> <!-- com.bankguru.scripts.NewCustomerScript -->
