<?xml version="1.0" encoding="UTF-8"?>
<!-- Generated by org.testng.reporters.JUnitReportReporter -->
<testsuite skipped="0" hostname="4S0L3M2" name="com.bankguru.scripts.EditCustomer" tests="19" failures="0" timestamp="20 Aug 2019 02:21:05 GMT" time="34.396" errors="0">
  <testcase name="EC10_CityNotNumberic" time="1.923" classname="com.bankguru.scripts.EditCustomer"/>
  <testcase name="EC16_PINFieldEmpty" time="2.122" classname="com.bankguru.scripts.EditCustomer"/>
  <testcase name="EC08_AddressIsEmpty" time="1.909" classname="com.bankguru.scripts.EditCustomer"/>
  <testcase name="EC03_CustomerIdhaveSpecialCharacter" time="1.067" classname="com.bankguru.scripts.EditCustomer"/>
  <testcase name="EC11_CityCannotHaveSpecialCharacter" time="1.904" classname="com.bankguru.scripts.EditCustomer"/>
  <testcase name="EC21_EmailEmpty" time="1.840" classname="com.bankguru.scripts.EditCustomer"/>
  <testcase name="EC18_PINWithSpecialCharacter" time="1.951" classname="com.bankguru.scripts.EditCustomer"/>
  <testcase name="EC09_CityIsEmpty" time="1.864" classname="com.bankguru.scripts.EditCustomer"/>
  <testcase name="EC19_TelephoneWithEmpty" time="1.931" classname="com.bankguru.scripts.EditCustomer"/>
  <testcase name="EC14_StateFieldWithSpecialCharacter" time="1.916" classname="com.bankguru.scripts.EditCustomer"/>
  <testcase name="EC04_ValidCustomerId" time="2.080" classname="com.bankguru.scripts.EditCustomer"/>
  <testcase name="EC15_PINMustBeNumeric" time="1.890" classname="com.bankguru.scripts.EditCustomer"/>
  <testcase name="EC01_CustomerIdEmpty" time="1.351" classname="com.bankguru.scripts.EditCustomer"/>
  <testcase name="EC02_CustomerIdNotNumberic" time="1.025" classname="com.bankguru.scripts.EditCustomer"/>
  <testcase name="EC12_StateFieldEmpty" time="2.106" classname="com.bankguru.scripts.EditCustomer"/>
  <testcase name="EC13_StateWithNumeric" time="1.896" classname="com.bankguru.scripts.EditCustomer"/>
  <testcase name="EC22_EmailWithInvalidFormat" time="1.915" classname="com.bankguru.scripts.EditCustomer"/>
  <testcase name="EC17_PINMustHave6Digits" time="1.845" classname="com.bankguru.scripts.EditCustomer"/>
  <testcase name="EC20_TelephoneWithSpecialCharacter" time="1.861" classname="com.bankguru.scripts.EditCustomer"/>
</testsuite> <!-- com.bankguru.scripts.EditCustomer -->
