<?xml version="1.0" encoding="UTF-8"?>
<!-- Generated by org.testng.reporters.JUnitReportReporter -->
<testsuite skipped="0" hostname="4S0L3M2" name="com.bankguru.scripts.EditCustomerScript" tests="19" failures="0" timestamp="30 Aug 2019 02:28:19 GMT" time="73.241" errors="0">
  <testcase name="EC15_PINMustBeNumeric" time="6.973" classname="com.bankguru.scripts.EditCustomerScript"/>
  <testcase name="EC22_EmailWithInvalidFormat" time="2.220" classname="com.bankguru.scripts.EditCustomerScript"/>
  <testcase name="EC11_CityCannotHaveSpecialCharacter" time="1.951" classname="com.bankguru.scripts.EditCustomerScript"/>
  <testcase name="EC08_AddressIsEmpty" time="7.183" classname="com.bankguru.scripts.EditCustomerScript"/>
  <testcase name="EC17_PINMustHave6Digits" time="7.066" classname="com.bankguru.scripts.EditCustomerScript"/>
  <testcase name="EC03_CustomerIdhaveSpecialCharacter" time="0.668" classname="com.bankguru.scripts.EditCustomerScript"/>
  <testcase name="EC18_PINWithSpecialCharacter" time="1.933" classname="com.bankguru.scripts.EditCustomerScript"/>
  <testcase name="EC12_StateFieldEmpty" time="6.881" classname="com.bankguru.scripts.EditCustomerScript"/>
  <testcase name="EC01_CustomerIdEmpty" time="0.821" classname="com.bankguru.scripts.EditCustomerScript"/>
  <testcase name="EC20_TelephoneWithSpecialCharacter" time="1.844" classname="com.bankguru.scripts.EditCustomerScript"/>
  <testcase name="EC21_EmailEmpty" time="5.803" classname="com.bankguru.scripts.EditCustomerScript"/>
  <testcase name="EC14_StateFieldWithSpecialCharacter" time="2.162" classname="com.bankguru.scripts.EditCustomerScript"/>
  <testcase name="EC10_CityNotNumberic" time="1.893" classname="com.bankguru.scripts.EditCustomerScript"/>
  <testcase name="EC19_TelephoneWithEmpty" time="2.097" classname="com.bankguru.scripts.EditCustomerScript"/>
  <testcase name="EC02_CustomerIdNotNumberic" time="5.889" classname="com.bankguru.scripts.EditCustomerScript"/>
  <testcase name="EC09_CityIsEmpty" time="6.791" classname="com.bankguru.scripts.EditCustomerScript"/>
  <testcase name="EC16_PINFieldEmpty" time="2.244" classname="com.bankguru.scripts.EditCustomerScript"/>
  <testcase name="EC04_ValidCustomerId" time="6.582" classname="com.bankguru.scripts.EditCustomerScript"/>
  <testcase name="EC13_StateWithNumeric" time="2.240" classname="com.bankguru.scripts.EditCustomerScript"/>
</testsuite> <!-- com.bankguru.scripts.EditCustomerScript -->
