<?xml version="1.0" encoding="UTF-8"?>
<!-- Generated by org.testng.reporters.JUnitReportReporter -->
<testsuite skipped="0" hostname="4S0L3M2" name="com.beecow.scripts.LoginBeeCowScripts" tests="1" failures="0" timestamp="29 Aug 2019 14:01:12 GMT" time="1.604" errors="0">
  <testcase name="allFieldsEmpty" time="1.604" classname="com.beecow.scripts.LoginBeeCowScripts"/>
</testsuite> <!-- com.beecow.scripts.LoginBeeCowScripts -->
