<?xml version="1.0" encoding="UTF-8"?>
<!-- Generated by org.testng.reporters.JUnitReportReporter -->
<testsuite skipped="0" hostname="4S0L3M2" name="SeleniumAPI.Section08_Wait" tests="1" failures="0" timestamp="30 Jul 2019 14:18:55 GMT" time="68.863" errors="0">
  <testcase name="TC03_Example2" time="68.863" classname="SeleniumAPI.Section08_Wait"/>
</testsuite> <!-- SeleniumAPI.Section08_Wait -->
