<?xml version="1.0" encoding="UTF-8"?>
<!-- Generated by org.testng.reporters.JUnitReportReporter -->
<testsuite hostname="4S0L3M2" name="SeleniumAPI.WebCommand" tests="1" failures="0" timestamp="7 Jul 2019 08:51:25 GMT" time="7.312" errors="0">
  <testcase name="TestCase01" time="7.312" classname="SeleniumAPI.WebCommand"/>
</testsuite> <!-- SeleniumAPI.WebCommand -->
