<?xml version="1.0" encoding="UTF-8"?>
<!-- Generated by org.testng.reporters.JUnitReportReporter -->
<testsuite skipped="0" hostname="4S0L3M2" name="SeleniumAPI.loginGuru" tests="3" failures="0" timestamp="04 Aug 2019 09:42:13 GMT" time="15.229" errors="0">
  <testcase name="TC03_Unsuccess" time="3.492" classname="SeleniumAPI.loginGuru"/>
  <testcase name="TC01_Success" time="6.583" classname="SeleniumAPI.loginGuru"/>
  <testcase name="TC02_Success" time="5.154" classname="SeleniumAPI.loginGuru"/>
</testsuite> <!-- SeleniumAPI.loginGuru -->
