<?xml version="1.0" encoding="UTF-8"?>
<!-- Generated by org.testng.reporters.JUnitReportReporter -->
<testsuite skipped="0" hostname="4S0L3M2" name="SeleniumAPI.Section07_UploadFile" tests="1" failures="0" timestamp="30 Jul 2019 13:50:39 GMT" time="6.250" errors="0">
  <testcase name="TC01_EX01_sendkeys" time="6.250" classname="SeleniumAPI.Section07_UploadFile"/>
</testsuite> <!-- SeleniumAPI.Section07_UploadFile -->
