<?xml version="1.0" encoding="UTF-8"?>
<!-- Generated by org.testng.reporters.JUnitReportReporter -->
<testsuite hostname="4S0L3M2" name="SeleniumAPI.Session03_Exercise01" tests="5" failures="0" timestamp="7 Jul 2019 10:40:38 GMT" time="7.217" errors="0">
  <testcase name="Exercise04" time="0.476" classname="SeleniumAPI.Session03_Exercise01"/>
  <testcase name="Exercise03" time="0.532" classname="SeleniumAPI.Session03_Exercise01"/>
  <testcase name="Exercise02" time="0.359" classname="SeleniumAPI.Session03_Exercise01"/>
  <testcase name="Exercise01" time="1.817" classname="SeleniumAPI.Session03_Exercise01"/>
  <testcase name="Exercise05" time="4.033" classname="SeleniumAPI.Session03_Exercise01"/>
</testsuite> <!-- SeleniumAPI.Session03_Exercise01 -->
