<?xml version="1.0" encoding="UTF-8"?>
<!-- Generated by org.testng.reporters.JUnitReportReporter -->
<testsuite skipped="0" hostname="4S0L3M2" name="SeleniumAPI.Section0506_IframeAndAlert" tests="1" failures="0" timestamp="28 Jul 2019 07:32:37 GMT" time="11.915" errors="0">
  <testcase name="TC07_handleJavaScript" time="11.915" classname="SeleniumAPI.Section0506_IframeAndAlert"/>
</testsuite> <!-- SeleniumAPI.Section0506_IframeAndAlert -->
