<?xml version="1.0" encoding="UTF-8"?>
<!-- Generated by org.testng.reporters.JUnitReportReporter -->
<testsuite skipped="0" hostname="4S0L3M2" name="SeleniumAPI.TestNGAnnotation" tests="10" failures="0" timestamp="04 Aug 2019 07:57:51 GMT" time="0.000" errors="0">
  <testcase name="testCase03" time="0.000" classname="SeleniumAPI.TestNGAnnotation"/>
  <testcase name="testCase03" time="0.000" classname="SeleniumAPI.TestNGAnnotation"/>
  <testcase name="testCase03" time="0.000" classname="SeleniumAPI.TestNGAnnotation"/>
  <testcase name="testCase02" time="0.000" classname="SeleniumAPI.TestNGAnnotation"/>
  <testcase name="testCase02" time="0.000" classname="SeleniumAPI.TestNGAnnotation"/>
  <testcase name="testCase02" time="0.000" classname="SeleniumAPI.TestNGAnnotation"/>
  <testcase name="testCase01" time="0.000" classname="SeleniumAPI.TestNGAnnotation"/>
  <testcase name="testCase01" time="0.000" classname="SeleniumAPI.TestNGAnnotation"/>
  <testcase name="testCase01" time="0.000" classname="SeleniumAPI.TestNGAnnotation"/>
  <testcase name="testCase01" time="0.000" classname="SeleniumAPI.TestNGAnnotation"/>
</testsuite> <!-- SeleniumAPI.TestNGAnnotation -->
