<?xml version="1.0" encoding="UTF-8"?>
<!-- Generated by org.testng.reporters.JUnitReportReporter -->
<testsuite skipped="0" hostname="4S0L3M2" name="SeleniumAPI.Section04_UserInteraction" tests="4" failures="0" timestamp="04 Aug 2019 07:46:00 GMT" time="5.668" errors="0">
  <testcase name="Exercise01HoverAction" time="1.235" classname="SeleniumAPI.Section04_UserInteraction"/>
  <testcase name="Exercise01HoverAction" time="1.934" classname="SeleniumAPI.Section04_UserInteraction"/>
  <testcase name="Exercise01HoverAction" time="1.081" classname="SeleniumAPI.Section04_UserInteraction"/>
  <testcase name="Exercise01HoverAction" time="1.418" classname="SeleniumAPI.Section04_UserInteraction"/>
</testsuite> <!-- SeleniumAPI.Section04_UserInteraction -->
