<?xml version="1.0" encoding="UTF-8"?>
<!-- Generated by org.testng.reporters.JUnitReportReporter -->
<testsuite skipped="0" hostname="4S0L3M2" name="SeleniumAPI.Session03_Exercise01" tests="5" failures="0" timestamp="04 Aug 2019 08:38:25 GMT" time="5.999" errors="0">
  <testcase name="Exercise04" time="0.313" classname="SeleniumAPI.Session03_Exercise01"/>
  <testcase name="Exercise05" time="3.031" classname="SeleniumAPI.Session03_Exercise01"/>
  <testcase name="Exercise03" time="0.510" classname="SeleniumAPI.Session03_Exercise01"/>
  <testcase name="Section3Exercise01" time="0.342" classname="SeleniumAPI.Session03_Exercise01"/>
  <testcase name="Exercise01" time="1.803" classname="SeleniumAPI.Session03_Exercise01"/>
</testsuite> <!-- SeleniumAPI.Session03_Exercise01 -->
